<?xml version="1.0" encoding="utf-8"?><testsuites name="pytest tests"><testsuite name="pytest" errors="0" failures="0" skipped="0" tests="17" time="1.610" timestamp="2026-03-15T18:47:26.749927+00:00" hostname="agent-env-a9fda7cc-5753-4275-8779-c23d05ae7284"><testcase classname="backend.tests.test_tour_workflow.TestAPIHealth" name="test_api_root" time="0.197" /><testcase classname="backend.tests.test_tour_workflow.TestAPIHealth" name="test_plads_endpoint" time="0.071" /><testcase classname="backend.tests.test_tour_workflow.TestAPIHealth" name="test_tours_endpoint" time="0.070" /><testcase classname="backend.tests.test_tour_workflow.TestTourOnWayWorkflow" name="test_set_tour_on_way" time="0.221" /><testcase classname="backend.tests.test_tour_workflow.TestTourOnWayWorkflow" name="test_toggle_on_way_off" time="0.069" /><testcase classname="backend.tests.test_tour_workflow.TestWeightOnlyUpdate" name="test_weight_only_update_does_not_complete" time="0.130" /><testcase classname="backend.tests.test_tour_workflow.TestWeightOnlyUpdate" name="test_weight_update_preserves_state" time="0.061" /><testcase classname="backend.tests.test_tour_workflow.TestTourCompleteWorkflow" name="test_complete_tour" time="0.069" /><testcase classname="backend.tests.test_tour_workflow.TestTourCompleteWorkflow" name="test_uncomplete_tour" time="0.062" /><testcase classname="backend.tests.test_tour_workflow.TestTourUpdateModel" name="test_partial_update_weight_only" time="0.077" /><testcase classname="backend.tests.test_tour_workflow.TestTourUpdateModel" name="test_partial_update_time_only" time="0.068" /><testcase classname="backend.tests.test_tour_workflow.TestTourUpdateModel" name="test_partial_update_on_way_only" time="0.065" /><testcase classname="backend.tests.test_tour_workflow.TestTourUpdateModel" name="test_partial_update_completed_only" time="0.072" /><testcase classname="backend.tests.test_tour_workflow.TestPladsToursVisibility" name="test_get_tours_by_plads" time="0.065" /><testcase classname="backend.tests.test_tour_workflow.TestPladsToursVisibility" name="test_tours_endpoint_without_filter" time="0.067" /><testcase classname="backend.tests.test_tour_workflow.TestCleanup" name="test_delete_test_tour" time="0.064" /><testcase classname="backend.tests.test_tour_workflow.TestCleanup" name="test_delete_test_report" time="0.066" /></testsuite></testsuites>